<?xml version="1.0" encoding="UTF-8"?>
<testng-results ignored="0" total="2" passed="2" failed="0" skipped="0">
  <reporter-output>
  </reporter-output>
  <suite started-at="2022-12-08T22:56:12 IST" name="Command line suite" finished-at="2022-12-08T22:56:26 IST" duration-ms="13470">
    <groups>
      <group name="cucumber">
        <method signature="AbstractTestNGCucumberTests.runScenario(io.cucumber.testng.PickleWrapper,io.cucumber.testng.FeatureWrapper)[pri:0, instance:Runner.TestRunner@702657cc]" name="runScenario" class="io.cucumber.testng.AbstractTestNGCucumberTests"/>
      </group> <!-- cucumber -->
    </groups>
    <test started-at="2022-12-08T22:56:12 IST" name="Command line test" finished-at="2022-12-08T22:56:26 IST" duration-ms="13470">
      <class name="Runner.TestRunner">
        <test-method is-config="true" signature="setUpClass(org.testng.ITestContext)[pri:0, instance:Runner.TestRunner@702657cc]" started-at="2022-12-08T22:56:12 IST" name="setUpClass" finished-at="2022-12-08T22:56:13 IST" duration-ms="1158" status="PASS">
          <params>
            <param index="0">
              <value>
                <![CDATA[org.testng.TestRunner@59f3426f]]>
              </value>
            </param>
          </params>
          <reporter-output>
          </reporter-output>
        </test-method> <!-- setUpClass -->
        <test-method signature="runScenario(io.cucumber.testng.PickleWrapper,io.cucumber.testng.FeatureWrapper)[pri:0, instance:Runner.TestRunner@702657cc]" started-at="2022-12-08T22:56:13 IST" name="runScenario" description="Runs Cucumber Scenarios" data-provider="scenarios" finished-at="2022-12-08T22:56:23 IST" duration-ms="9859" status="PASS">
          <params>
            <param index="0">
              <value>
                <![CDATA["Verify End2End API"]]>
              </value>
            </param>
            <param index="1">
              <value>
                <![CDATA["Validate Place's API"]]>
              </value>
            </param>
          </params>
          <reporter-output>
          </reporter-output>
        </test-method> <!-- runScenario -->
        <test-method signature="runScenario(io.cucumber.testng.PickleWrapper,io.cucumber.testng.FeatureWrapper)[pri:0, instance:Runner.TestRunner@702657cc]" started-at="2022-12-08T22:56:23 IST" name="runScenario" description="Runs Cucumber Scenarios" data-provider="scenarios" finished-at="2022-12-08T22:56:25 IST" duration-ms="2119" status="PASS">
          <params>
            <param index="0">
              <value>
                <![CDATA["Verify End2End API"]]>
              </value>
            </param>
            <param index="1">
              <value>
                <![CDATA["Validate Place's API"]]>
              </value>
            </param>
          </params>
          <reporter-output>
          </reporter-output>
        </test-method> <!-- runScenario -->
        <test-method is-config="true" signature="tearDownClass()[pri:0, instance:Runner.TestRunner@702657cc]" started-at="2022-12-08T22:56:25 IST" name="tearDownClass" finished-at="2022-12-08T22:56:26 IST" duration-ms="272" status="PASS">
          <reporter-output>
          </reporter-output>
        </test-method> <!-- tearDownClass -->
      </class> <!-- Runner.TestRunner -->
    </test> <!-- Command line test -->
  </suite> <!-- Command line suite -->
</testng-results>
